<?xml version="1.0" encoding="UTF-8" ?>
<testsuite tests="4" failures="1" name="TestSuite" time="25.211" errors="0" skipped="0">
  <properties>
    <property name="java.runtime.name" value="OpenJDK Runtime Environment"/>
    <property name="java.vm.version" value="12+33"/>
    <property name="sun.boot.library.path" value="C:\Program Files\Java\jdk-12\bin"/>
    <property name="maven.multiModuleProjectDirectory" value="D:\OneDrive - Infosys Limited\projects\eclipse\workspace2\BDDSeleTest"/>
    <property name="java.vm.vendor" value="Oracle Corporation"/>
    <property name="java.vendor.url" value="https://java.oracle.com/"/>
    <property name="guice.disable.misplaced.annotation.check" value="true"/>
    <property name="path.separator" value=";"/>
    <property name="java.vm.name" value="OpenJDK 64-Bit Server VM"/>
    <property name="sun.os.patch.level" value=""/>
    <property name="user.script" value=""/>
    <property name="user.country" value="US"/>
    <property name="sun.java.launcher" value="SUN_STANDARD"/>
    <property name="java.vm.specification.name" value="Java Virtual Machine Specification"/>
    <property name="user.dir" value="D:\OneDrive - Infosys Limited\projects\eclipse\workspace2\BDDSeleTest"/>
    <property name="java.vm.compressedOopsMode" value="32-bit"/>
    <property name="java.runtime.version" value="12+33"/>
    <property name="java.awt.graphicsenv" value="sun.awt.Win32GraphicsEnvironment"/>
    <property name="os.arch" value="amd64"/>
    <property name="java.io.tmpdir" value="C:\Users\ANIRBA~1.CHO\AppData\Local\Temp\"/>
    <property name="line.separator" value="
"/>
    <property name="java.vm.specification.vendor" value="Oracle Corporation"/>
    <property name="user.variant" value=""/>
    <property name="os.name" value="Windows 10"/>
    <property name="classworlds.conf" value="D:\OneDrive - Infosys Limited\projects\eclipse\workspace2\.metadata\.plugins\org.eclipse.m2e.launching\launches\m2conf13738983344003057836.tmp"/>
    <property name="sun.jnu.encoding" value="Cp1252"/>
    <property name="java.library.path" value="C:\Program Files\Java\jdk-12\bin;C:\WINDOWS\Sun\Java\bin;C:\WINDOWS\system32;C:\WINDOWS;C:/Program Files/Zulu/zulu-17/bin/server;C:/Program Files/Zulu/zulu-17/bin;C:\Program Files\Zulu\zulu-17\bin\;C:\Program Files\Python39\Scripts\;C:\Program Files\Python39\;C:\Program Files\Python38\Scripts\;C:\Program Files\Python38\;C:\WINDOWS\system32;C:\WINDOWS;C:\WINDOWS\System32\Wbem;C:\WINDOWS\System32\WindowsPowerShell\v1.0\;C:\WINDOWS\System32\OpenSSH\;C:\Program Files\dotnet\;D:\install\python-3.9\Scripts\;D:\install\python-3.9\;C:\Users\anirban.choudhuri\AppData\Local\Programs\Python\Launcher\;D:\Python38\;D:\Python38\scripts\;C:\Users\anirban.choudhuri\AppData\Local\Microsoft\WindowsApps;C:\Users\anirban.choudhuri\AppData\Local\atom\bin;;%USERPROFILE%\AppData\Local\Microsoft\WindowsApps;D:\EclipseIDEforJavaDevelopers-4.10;;."/>
    <property name="jdk.debug" value="release"/>
    <property name="java.class.version" value="56.0"/>
    <property name="java.specification.name" value="Java Platform API Specification"/>
    <property name="sun.management.compiler" value="HotSpot 64-Bit Tiered Compilers"/>
    <property name="os.version" value="10.0"/>
    <property name="user.home" value="C:\Users\anirban.choudhuri"/>
    <property name="user.timezone" value="America/New_York"/>
    <property name="file.encoding" value="Cp1252"/>
    <property name="java.specification.version" value="12"/>
    <property name="user.name" value="anirban.choudhuri"/>
    <property name="java.class.path" value="D:\EclipseIDEforJavaDevelopers-4.10\plugins\org.eclipse.m2e.maven.runtime_1.10.0.20181127-2120\jars\plexus-classworlds-2.5.2.jar"/>
    <property name="java.vm.specification.version" value="12"/>
    <property name="sun.arch.data.model" value="64"/>
    <property name="sun.java.command" value="org.codehaus.plexus.classworlds.launcher.Launcher -B clean install"/>
    <property name="java.home" value="C:\Program Files\Java\jdk-12"/>
    <property name="user.language" value="en"/>
    <property name="java.specification.vendor" value="Oracle Corporation"/>
    <property name="awt.toolkit" value="sun.awt.windows.WToolkit"/>
    <property name="java.vm.info" value="mixed mode, sharing"/>
    <property name="java.version" value="12"/>
    <property name="java.vendor" value="Oracle Corporation"/>
    <property name="maven.home" value="D:\OneDrive - Infosys Limited\projects\eclipse\workspace2\BDDSeleTest\EMBEDDED"/>
    <property name="file.separator" value="\"/>
    <property name="java.version.date" value="2019-03-19"/>
    <property name="java.vendor.url.bug" value="https://bugreport.java.com/bugreport/"/>
    <property name="sun.io.unicode.encoding" value="UnicodeLittle"/>
    <property name="sun.cpu.endian" value="little"/>
    <property name="sun.desktop" value="windows"/>
    <property name="sun.cpu.isalist" value="amd64"/>
  </properties>
  <testcase classname="com.anirban.framework.selenium.bdd.runner.CucumberTestRunner" name="runScenario" time="25.153">
    <failure type="java.lang.NullPointerException">java.lang.NullPointerException
	at com.anirban.framework.testng.util.Assert.contains(Assert.java:42)
	at com.anirban.framework.selenium.bdd.stepDef.GoogleSearchStepDef.user_gets_into_the_result_page(GoogleSearchStepDef.java:52)
	at ✽.User gets into the result page.(file:///D:/OneDrive%20-%20Infosys%20Limited/projects/eclipse/workspace2/BDDSeleTest/src/test/resources/features/GoogleSearch.feature:7)
</failure>
    <system-out>
Scenario Outline: User doing a google search. # src/test/resources/features/GoogleSearch.feature:10
  Given The user launches google page.        # com.anirban.framework.selenium.bdd.stepDef.GoogleSearchStepDef.the_user_launches_google_page()
  When The user enters &quot;Selenium java&quot;.       # com.anirban.framework.selenium.bdd.stepDef.GoogleSearchStepDef.the_user_enters(java.lang.String)
  And user clicks the go button.              # com.anirban.framework.selenium.bdd.stepDef.GoogleSearchStepDef.user_clicks_the_go_button()
  Then User gets into the result page.        # com.anirban.framework.selenium.bdd.stepDef.GoogleSearchStepDef.user_gets_into_the_result_page()
      java.lang.NullPointerException
	at com.anirban.framework.testng.util.Assert.contains(Assert.java:42)
	at com.anirban.framework.selenium.bdd.stepDef.GoogleSearchStepDef.user_gets_into_the_result_page(GoogleSearchStepDef.java:52)
	at âœ½.User gets into the result page.(file:///D:/OneDrive%20-%20Infosys%20Limited/projects/eclipse/workspace2/BDDSeleTest/src/test/resources/features/GoogleSearch.feature:7)


    Embedding User doing a google search. [image/png 97478 bytes]

</system-out>
    <system-err>SLF4J: Failed to load class &quot;org.slf4j.impl.StaticLoggerBinder&quot;.
SLF4J: Defaulting to no-operation (NOP) logger implementation
SLF4J: See http://www.slf4j.org/codes.html#StaticLoggerBinder for further details.
ERROR StatusLogger Log4j2 could not find a logging implementation. Please add log4j-core to the classpath. Using SimpleLogger to log to the console...
Starting ChromeDriver 112.0.5615.49 (bd2a7bcb881c11e8cfe3078709382934e3916914-refs/branch-heads/5615@{#936}) on port 16687
Only local connections are allowed.
Please see https://chromedriver.chromium.org/security-considerations for suggestions on keeping ChromeDriver safe.
ChromeDriver was started successfully.
[1681476669.432][WARNING]: This version of ChromeDriver has not been tested with Chrome version 113.
Apr 14, 2023 8:51:15 AM org.openqa.selenium.devtools.CdpVersionFinder findNearestMatch
WARNING: Unable to find an exact match for CDP version 113, so returning the closest version found: 111
</system-err>
  </testcase>
  <testcase classname="com.anirban.framework.selenium.bdd.runner.CucumberTestRunner" name="runScenario" time="0.024"/>
  <testcase classname="com.anirban.framework.selenium.bdd.runner.CucumberTestRunner" name="runScenario" time="0.033"/>
  <testcase classname="com.anirban.framework.selenium.bdd.runner.CucumberTestRunner" name="runScenario" time="0.001"/>
</testsuite>