<?xml version="1.0" encoding="UTF-8"?>
<!-- Generated by org.testng.reporters.JUnitReportReporter -->
<testsuite hostname="USABOS217030L" failures="0" tests="4" name="com.anirban.framework.selenium.bdd.runner.CucumberTestRunner" time="9.809" errors="4" timestamp="2023-04-17T11:14:52 EDT" skipped="0">
  <testcase classname="com.anirban.framework.selenium.bdd.runner.CucumberTestRunner" name="runScenario" time="9.732">
    <error type="java.lang.NullPointerException">
      <![CDATA[java.lang.NullPointerException
at com.anirban.framework.selenium.bdd.stepDef.GoogleSearchStepDef.the_user_launches_google_page(GoogleSearchStepDef.java:37)
at âœ½.The user launches google page.(file:///D:/OneDrive%20-%20Infosys%20Limited/projects/eclipse/workspace2/BDDSeleTest/src/test/resources/features/GoogleSearch.feature:4)
]]>
    </error>
  </testcase> <!-- runScenario -->
  <system-out/>
  <testcase classname="com.anirban.framework.selenium.bdd.runner.CucumberTestRunner" name="runScenario" time="0.044">
    <error type="java.lang.NullPointerException">
      <![CDATA[java.lang.NullPointerException
at com.anirban.framework.selenium.driver.SetupDriver.quitDriver(SetupDriver.java:78)
at com.anirban.framework.selenium.bdd.stepDef.CucumberHook.tearDown(CucumberHook.java:31)
]]>
    </error>
  </testcase> <!-- runScenario -->
  <system-out/>
  <testcase classname="com.anirban.framework.selenium.bdd.runner.CucumberTestRunner" name="runScenario" time="0.013">
    <error type="java.lang.NullPointerException">
      <![CDATA[java.lang.NullPointerException
at com.anirban.framework.selenium.driver.SetupDriver.quitDriver(SetupDriver.java:78)
at com.anirban.framework.selenium.bdd.stepDef.CucumberHook.tearDown(CucumberHook.java:31)
]]>
    </error>
  </testcase> <!-- runScenario -->
  <system-out/>
  <testcase classname="com.anirban.framework.selenium.bdd.runner.CucumberTestRunner" name="runScenario" time="0.020">
    <error type="java.lang.NullPointerException">
      <![CDATA[java.lang.NullPointerException
at com.anirban.framework.selenium.driver.SetupDriver.quitDriver(SetupDriver.java:78)
at com.anirban.framework.selenium.bdd.stepDef.CucumberHook.tearDown(CucumberHook.java:31)
]]>
    </error>
  </testcase> <!-- runScenario -->
  <system-out/>
</testsuite> <!-- com.anirban.framework.selenium.bdd.runner.CucumberTestRunner -->
