<?xml version="1.0" encoding="UTF-8"?>
<!-- Generated by org.testng.reporters.JUnitReportReporter -->
<testsuite hostname="USABOS217030L" failures="0" tests="4" name="com.anirban.framework.selenium.bdd.runner.CucumberTestRunner" time="18.945" errors="0" timestamp="2023-04-17T22:11:38 EDT" skipped="0">
  <testcase classname="com.anirban.framework.selenium.bdd.runner.CucumberTestRunner" name="runScenario" time="18.873"/>
  <system-out/>
  <testcase classname="com.anirban.framework.selenium.bdd.runner.CucumberTestRunner" name="runScenario" time="0.017"/>
  <system-out/>
  <testcase classname="com.anirban.framework.selenium.bdd.runner.CucumberTestRunner" name="runScenario" time="0.044"/>
  <system-out/>
  <testcase classname="com.anirban.framework.selenium.bdd.runner.CucumberTestRunner" name="runScenario" time="0.011"/>
  <system-out/>
</testsuite> <!-- com.anirban.framework.selenium.bdd.runner.CucumberTestRunner -->
