<?xml version="1.0" encoding="UTF-8"?>
<!-- Generated by org.testng.reporters.JUnitReportReporter -->
<testsuite hostname="USABOS217030L" failures="0" tests="3" name="com.anirban.framework.selenium.bdd.runner.CucumberTestRunner" time="0.936" errors="0" timestamp="14 Apr 2023 01:30:21 GMT">
  <testcase classname="com.anirban.framework.selenium.bdd.runner.CucumberTestRunner" name="runScenario" time="0.912"/>
  <testcase classname="com.anirban.framework.selenium.bdd.runner.CucumberTestRunner" name="runScenario" time="0.011"/>
  <testcase classname="com.anirban.framework.selenium.bdd.runner.CucumberTestRunner" name="runScenario" time="0.013"/>
</testsuite> <!-- com.anirban.framework.selenium.bdd.runner.CucumberTestRunner -->
