<?xml version="1.0" encoding="UTF-8"?>
<!-- Generated by org.testng.reporters.JUnitReportReporter -->
<testsuite hostname="USABOS217030L" failures="0" tests="4" name="com.anirban.framework.selenium.bdd.runner.CucumberTestRunner" time="25.242" errors="1" timestamp="14 Apr 2023 12:51:28 GMT">
  <testcase classname="com.anirban.framework.selenium.bdd.runner.CucumberTestRunner" name="runScenario" time="0.014"/>
  <testcase classname="com.anirban.framework.selenium.bdd.runner.CucumberTestRunner" name="runScenario" time="0.082"/>
  <testcase classname="com.anirban.framework.selenium.bdd.runner.CucumberTestRunner" name="runScenario" time="0.019"/>
  <testcase classname="com.anirban.framework.selenium.bdd.runner.CucumberTestRunner" name="runScenario" time="25.127">
    <error type="java.lang.NullPointerException">
      <![CDATA[java.lang.NullPointerException
	at com.anirban.framework.testng.util.Assert.contains(Assert.java:42)
	at com.anirban.framework.selenium.bdd.stepDef.GoogleSearchStepDef.user_gets_into_the_result_page(GoogleSearchStepDef.java:52)
	at âœ½.User gets into the result page.(file:///D:/OneDrive%20-%20Infosys%20Limited/projects/eclipse/workspace2/BDDSeleTest/src/test/resources/features/GoogleSearch.feature:7)
]]>
    </error>
  </testcase> <!-- runScenario -->
</testsuite> <!-- com.anirban.framework.selenium.bdd.runner.CucumberTestRunner -->
